[2016-04-26 09:51:44]	Can not open License file F:\eclipse-workspace\LTP\NLPIRDemo\Data\NLPIR.user
[2016-04-26 09:54:30]	open file failed with
[2016-04-26 09:54:30]	test/source.txt
[2016-04-26 09:54:30]	Error read file
[2016-04-26 09:54:30]	test/source.txt
[2016-04-26 09:54:30]	Failed Open file  Sº/source.txt
[2016-04-26 10:12:46]	open file failed with
[2016-04-26 10:12:46]	test/source.txt
[2016-04-26 10:12:46]	Error read file
[2016-04-26 10:12:46]	test/source.txt
[2016-04-26 10:12:46]	Failed Open file 0S†/source.txt
[2016-04-26 10:17:44]	open file failed with
[2016-04-26 10:17:44]	test/source.txt
[2016-04-26 10:17:44]	Error read file
[2016-04-26 10:17:44]	test/source.txt
[2016-04-26 10:17:44]	Failed Open file HT>/source.txt
[2016-04-26 10:21:55]	open file failed with
[2016-04-26 10:21:55]	test/source.txt
[2016-04-26 10:21:55]	Error read file
[2016-04-26 10:21:55]	test/source.txt
[2016-04-26 10:21:55]	Failed Open file hS¥/source.txt
